<?xml version="1.0" encoding="UTF-8"?>
<!-- Generated by org.testng.reporters.JUnitReportReporter -->
<testsuite skipped="0" hostname="HP-ENVY15T" name="Model.AccountTest" tests="1" failures="0" timestamp="16 Jul 2019 04:21:02 GMT" time="0.014" errors="0">
  <testcase name="account" time="0.014" classname="Model.AccountTest"/>
</testsuite> <!-- Model.AccountTest -->
